g:\career\programming practice\programming practice\debug\vc120.pdb
g:\career\programming practice\programming practice\debug\vc120.idb
g:\career\programming practice\programming practice\debug\practicemethods.obj
g:\career\programming practice\programming practice\debug\main.obj
g:\career\programming practice\debug\programming practice.pdb
g:\career\programming practice\programming practice\debug\programm.797cd2f2.tlog\cl.command.1.tlog
g:\career\programming practice\programming practice\debug\programm.797cd2f2.tlog\cl.read.1.tlog
g:\career\programming practice\programming practice\debug\programm.797cd2f2.tlog\cl.write.1.tlog
g:\career\programming practice\programming practice\debug\programm.797cd2f2.tlog\link-cvtres.read.1.tlog
g:\career\programming practice\programming practice\debug\programm.797cd2f2.tlog\link-cvtres.write.1.tlog
g:\career\programming practice\programming practice\debug\programm.797cd2f2.tlog\link-rc.read.1.tlog
g:\career\programming practice\programming practice\debug\programm.797cd2f2.tlog\link-rc.write.1.tlog
g:\career\programming practice\programming practice\debug\programm.797cd2f2.tlog\link.2116-cvtres.read.1.tlog
g:\career\programming practice\programming practice\debug\programm.797cd2f2.tlog\link.2116-cvtres.write.1.tlog
g:\career\programming practice\programming practice\debug\programm.797cd2f2.tlog\link.2116-rc.read.1.tlog
g:\career\programming practice\programming practice\debug\programm.797cd2f2.tlog\link.2116-rc.write.1.tlog
g:\career\programming practice\programming practice\debug\programm.797cd2f2.tlog\link.2116.read.1.tlog
g:\career\programming practice\programming practice\debug\programm.797cd2f2.tlog\link.2116.write.1.tlog
g:\career\programming practice\programming practice\debug\programm.797cd2f2.tlog\link.command.1.tlog
g:\career\programming practice\programming practice\debug\programm.797cd2f2.tlog\link.read.1.tlog
g:\career\programming practice\programming practice\debug\programm.797cd2f2.tlog\link.write.1.tlog
